<?xml version="1.0" encoding="utf-8"?><testsuites name="pytest tests"><testsuite name="pytest" errors="0" failures="0" skipped="0" tests="15" time="375.676" timestamp="2026-05-08T13:44:46.386693+00:00" hostname="ghr_stack_gh_runner"><testcase classname="biobb_amber.test.unitests.test_ambpdb.test_ambpdb_amber_to_pdb.TestAmberToPDB" name="test_amber_to_pdb" time="0.289" /><testcase classname="biobb_amber.test.unitests.test_cphstats.test_cestats_run.TestCestatsRun" name="test_cestats_run" time="1.336" /><testcase classname="biobb_amber.test.unitests.test_cphstats.test_cphstats_run.TestCphstatsRun" name="test_cphstats_run" time="0.148" /><testcase classname="biobb_amber.test.unitests.test_cpptraj.test_cpptraj_randomize_ions.TestCpptrajRandomizeIons" name="test_cpptraj_randomize_ions" time="3.666" /><testcase classname="biobb_amber.test.unitests.test_leap.test_leap_add_ions.TestLeapAddIons" name="test_leap_add_ions" time="5.750" /><testcase classname="biobb_amber.test.unitests.test_leap.test_leap_build_linear_structure.TestLeapBuildLinearStructure" name="test_leap_build_linear_structure" time="0.192" /><testcase classname="biobb_amber.test.unitests.test_leap.test_leap_gen_top.TestLeapGenTop" name="test_leap_gen_top" time="0.210" /><testcase classname="biobb_amber.test.unitests.test_leap.test_leap_solvate.TestLeapSolvate" name="test_leap_solvate" time="1.355" /><testcase classname="biobb_amber.test.unitests.test_parmed.test_parmed_cpinutil.TestParmedCpinUtil" name="test_parmed_cpinutil" time="1.305" /><testcase classname="biobb_amber.test.unitests.test_parmed.test_parmed_hmassrepartition.TestParmedHMassRepartition" name="test_parmed_hmassrepartition" time="0.932" /><testcase classname="biobb_amber.test.unitests.test_pdb4amber.test_pdb4amber_pdb4amber.TestPdb4amberRun" name="test_pdb4amber_run" time="0.939" /><testcase classname="biobb_amber.test.unitests.test_process.test_process_mdout.TestProcessMDOut" name="test_process_mdout" time="0.259" /><testcase classname="biobb_amber.test.unitests.test_process.test_process_minout.TestProcessMinOut" name="test_process_minout" time="0.285" /><testcase classname="biobb_amber.test.unitests.test_sander.test_sander_mdrun.TestSanderMDRun" name="test_sander_mdrun" time="356.237" /><testcase classname="biobb_amber.test.unitests.test_sander.test_sander_mdrun.TestSanderMDRunDirectMDin" name="test_sander_mdrun" time="1.181" /></testsuite></testsuites>